<?xml version="1.0" encoding="UTF-8"?>
<!-- Generated by org.testng.reporters.JUnitReportReporter -->
<testsuite hostname="LAPTOP-VSTTFI20" failures="0" tests="1" name="academy.RestAPITest" time="0.007" errors="0" timestamp="2022-01-07T12:45:11 IST" skipped="0">
  <testcase classname="academy.RestAPITest" name="postJira" time="0.007"/>
  <system-out/>
</testsuite> <!-- academy.RestAPITest -->
