<?xml version="1.0" encoding="UTF-8"?>
<!-- Generated by org.testng.reporters.JUnitReportReporter -->
<testsuite hostname="LAPTOP-VSTTFI20" failures="0" tests="1" name="academy.SeleniumTest" time="0.008" errors="0" timestamp="2021-12-30T23:27:17 IST" skipped="0">
  <testcase classname="academy.SeleniumTest" name="BrowserAutomation" time="0.008"/>
  <system-out/>
</testsuite> <!-- academy.SeleniumTest -->
