<?xml version="1.0" encoding="UTF-8"?>
<!-- Generated by org.testng.reporters.JUnitReportReporter -->
<testsuite hostname="LAPTOP-VSTTFI20" failures="0" tests="2" name="academy.RestAPITest" time="0.003" errors="0" timestamp="2021-12-31T12:05:06 IST" skipped="0">
  <testcase classname="academy.RestAPITest" name="deleteTwitter" time="0.003"/>
  <system-out/>
  <testcase classname="academy.RestAPITest" name="postJira" time="0.000"/>
  <system-out/>
</testsuite> <!-- academy.RestAPITest -->
