<?xml version="1.0" encoding="UTF-8"?>
<!-- Generated by org.testng.reporters.JUnitReportReporter -->
<testsuite hostname="LAPTOP-VSTTFI20" failures="0" tests="2" name="academy.AppiumTest" time="0.003" errors="0" timestamp="2021-12-31T12:04:44 IST" skipped="0">
  <testcase classname="academy.AppiumTest" name="NativeAppAndroid" time="0.000"/>
  <system-out/>
  <testcase classname="academy.AppiumTest" name="IOSApps" time="0.003"/>
  <system-out/>
</testsuite> <!-- academy.AppiumTest -->
