<?xml version="1.0" encoding="UTF-8"?>
<!-- Generated by org.testng.reporters.JUnitReportReporter -->
<testsuite hostname="LAPTOP-VSTTFI20" failures="0" tests="2" name="academy.SeleniumTest" time="0.000" errors="0" timestamp="2021-12-31T12:05:06 IST" skipped="0">
  <testcase classname="academy.SeleniumTest" name="BrowserAutomation" time="0.000"/>
  <system-out/>
  <testcase classname="academy.SeleniumTest" name="elementsUI" time="0.000"/>
  <system-out/>
</testsuite> <!-- academy.SeleniumTest -->
